<?xml version="1.0" encoding="UTF-8"?>
<testng-results ignored="0" total="3" passed="3" failed="0" skipped="0">
  <reporter-output>
  </reporter-output>
  <suite started-at="2021-09-17T16:49:28 IST" name="Default suite" finished-at="2021-09-17T16:49:29 IST" duration-ms="1299">
    <groups>
    </groups>
    <test started-at="2021-09-17T16:49:28 IST" name="Default test" finished-at="2021-09-17T16:49:29 IST" duration-ms="1299">
      <class name="practice.DataProviderDemo">
        <test-method signature="demo(java.lang.String,java.lang.String)[pri:0, instance:practice.DataProviderDemo@2805d709]" started-at="2021-09-17T16:49:29 IST" name="demo" data-provider="getData" finished-at="2021-09-17T16:49:29 IST" duration-ms="21" status="PASS">
          <params>
            <param index="0">
              <value>
                <![CDATA[bhanu]]>
              </value>
            </param>
            <param index="1">
              <value>
                <![CDATA[mechanical]]>
              </value>
            </param>
          </params>
          <reporter-output>
          </reporter-output>
        </test-method> <!-- demo -->
        <test-method signature="demo(java.lang.String,java.lang.String)[pri:0, instance:practice.DataProviderDemo@2805d709]" started-at="2021-09-17T16:49:29 IST" name="demo" data-provider="getData" finished-at="2021-09-17T16:49:29 IST" duration-ms="14" status="PASS">
          <params>
            <param index="0">
              <value>
                <![CDATA[sanjeeb]]>
              </value>
            </param>
            <param index="1">
              <value>
                <![CDATA[mechanical]]>
              </value>
            </param>
          </params>
          <reporter-output>
          </reporter-output>
        </test-method> <!-- demo -->
        <test-method signature="demo(java.lang.String,java.lang.String)[pri:0, instance:practice.DataProviderDemo@2805d709]" started-at="2021-09-17T16:49:29 IST" name="demo" data-provider="getData" finished-at="2021-09-17T16:49:29 IST" duration-ms="12" status="PASS">
          <params>
            <param index="0">
              <value>
                <![CDATA[rakesh]]>
              </value>
            </param>
            <param index="1">
              <value>
                <![CDATA[electrical]]>
              </value>
            </param>
          </params>
          <reporter-output>
          </reporter-output>
        </test-method> <!-- demo -->
      </class> <!-- practice.DataProviderDemo -->
    </test> <!-- Default test -->
  </suite> <!-- Default suite -->
</testng-results>
