<?xml version="1.0" encoding="UTF-8"?>
<!-- Generated by org.testng.reporters.JUnitXMLReporter -->
<testsuite ignored="0" hostname="DESKTOP-V2N0BED" failures="0" tests="3" name="Default test" time="1.299" errors="0" timestamp="2021-09-17T16:49:29 IST">
  <testcase classname="practice.DataProviderDemo" name="demo" time="0.021"/>
  <testcase classname="practice.DataProviderDemo" name="demo" time="0.014"/>
  <testcase classname="practice.DataProviderDemo" name="demo" time="0.012"/>
</testsuite> <!-- Default test -->
