<?xml version="1.0" encoding="UTF-8"?>
<!-- Generated by org.testng.reporters.JUnitXMLReporter -->
<testsuite ignored="2" hostname="DESKTOP-V2N0BED" failures="0" tests="2" name="Test2" time="176.32" errors="0" timestamp="2021-09-15T12:11:47 IST">
  <testcase classname="com.crm.Vtiger.CreateOrganisation.CreateOrganisationWithBillingAddress_Test" name="createOrganisation_TC_05_Test" time="52.307"/>
  <testcase classname="com.crm.Vtiger.CreateOrganisation.CreateOrganisationWithShippingAddress_Test" name="CreateOrganisationTC_03_Test" time="33.206"/>
  <testcase classname="com.crm.genericUtils.BaseClass" name="@BeforeSuite connectDB" time="0.0">
    <ignored/>
  </testcase> <!-- @BeforeSuite connectDB -->
  <testcase classname="com.crm.genericUtils.BaseClass" name="@AfterSuite closeDatabase" time="0.0">
    <ignored/>
  </testcase> <!-- @AfterSuite closeDatabase -->
</testsuite> <!-- Test2 -->
